Arguments: 
  C:\Program Files\nodejs\node.exe C:\Users\user\AppData\Roaming\npm\node_modules\yarn\bin\yarn.js add cors --filter server

PATH: 
  C:\Program Files (x86)\Common Files\Oracle\Java\javapath;C:\WINDOWS\system32;C:\WINDOWS;C:\WINDOWS\System32\Wbem;C:\WINDOWS\System32\WindowsPowerShell\v1.0\;C:\WINDOWS\System32\OpenSSH\;C:\Program Files\Git\cmd;C:\MinGW\bin;C:\Users\user\AppData\Roaming\nvm;C:\Program Files\nodejs;C:\Program Files\Docker\Docker\resources\bin;C:\Users\user\AppData\Local\Programs\Python\Python310\Scripts\;C:\Users\user\AppData\Local\Programs\Python\Python310\;C:\Users\user\AppData\Local\Microsoft\WindowsApps;C:\Users\user\AppData\Local\Programs\Microsoft VS Code\bin;C:\Users\user\AppData\Roaming\npm;C:\xampp\php;C:\Program Files\heroku\bin;C:\Users\user\AppData\Roaming\nvm;C:\Program Files\nodejs;C:\Program Files\JetBrains\WebStorm 2022.2.2\bin;C:\Users\user\AppData\Local\Programs\mongosh\

Yarn version: 
  1.22.19

Node version: 
  16.13.2

Platform: 
  win32 x64

Trace: 
  SyntaxError: E:\WorkSpace\web_ban_do_go\do_go_dinh_thuc\package.json: Unexpected token / in JSON at position 312
      at JSON.parse (<anonymous>)
      at C:\Users\user\AppData\Roaming\npm\node_modules\yarn\lib\cli.js:1629:59
      at Generator.next (<anonymous>)
      at step (C:\Users\user\AppData\Roaming\npm\node_modules\yarn\lib\cli.js:310:30)
      at C:\Users\user\AppData\Roaming\npm\node_modules\yarn\lib\cli.js:321:13

npm manifest: 
  {
      "name": "do_noi_that_cao_cap_project",
      "version": "1.1.1",
      "description": "This is web that to show products wit wood!",
      "main": "index.js",
      "repository": "https://github.com/githubk3/do_go_dinh_thuc.git",
      "author": "Đinh Văn Luận <dinhvanluan2k3@gmail.com>",
      "license": "MIT",
      // "workspaces": [
      //     "packages/*",
      //     "apps/*"
      // ],
      "scripts": {
          "build": "turbo run build",
          "test": "turbo run test",
          "lint": "turbo run lint",
          "dev": "turbo run dev",
          "add": "turbo add"
      },
      "dependencies": {
          "turbo": "^1.8.5"
      }
  }

yarn manifest: 
  No manifest

Lockfile: 
  # THIS IS AN AUTOGENERATED FILE. DO NOT EDIT THIS FILE DIRECTLY.
  # yarn lockfile v1
  
  
  cors@^2.8.5:
    version "2.8.5"
    resolved "https://registry.yarnpkg.com/cors/-/cors-2.8.5.tgz#eac11da51592dd86b9f06f6e7ac293b3df875d29"
    integrity sha512-KIHbLJqu73RGr/hnbrO9uBeixNGuvSQjul/jdFvS/KFSIH1hWVd1ng7zOHx+YrEfInLG7q4n6GHQ9cDtxv/P6g==
    dependencies:
      object-assign "^4"
      vary "^1"
  
  object-assign@^4:
    version "4.1.1"
    resolved "https://registry.yarnpkg.com/object-assign/-/object-assign-4.1.1.tgz#2109adc7965887cfc05cbbd442cac8bfbb360863"
    integrity sha512-rJgTQnkUnH1sFw8yT6VSU3zD3sWmu6sZhIseY8VX+GRu3P6F7Fu+JNDoXfklElbLJSnc3FUQHVe4cU5hj+BcUg==
  
  turbo-darwin-64@1.8.5:
    version "1.8.5"
    resolved "https://registry.yarnpkg.com/turbo-darwin-64/-/turbo-darwin-64-1.8.5.tgz#6fdd2e9e2b8afead04e17380fc222863794e6007"
    integrity sha512-CAYh56bzeHfnh7jTm03r29bh8p5a/EjQo1Id5yLUH7hS7msTau/+YpxJWPodLbN0UQsUYivUqHQkglJ+eMJ7xA==
  
  turbo-darwin-arm64@1.8.5:
    version "1.8.5"
    resolved "https://registry.yarnpkg.com/turbo-darwin-arm64/-/turbo-darwin-arm64-1.8.5.tgz#8d72d67a87b6d247565de79477b0c7aed6a83c2b"
    integrity sha512-R3jCPOv+lu3dcvMhj8b/Defv6dyUwX6W+tbX7d6YUCA46Plf/bGCQ8+MSbxmr/4E1GyGOVFsn1wRfiYk0us/Dg==
  
  turbo-linux-64@1.8.5:
    version "1.8.5"
    resolved "https://registry.yarnpkg.com/turbo-linux-64/-/turbo-linux-64-1.8.5.tgz#a080015aa1c725604637a743a5b878d100aaf88b"
    integrity sha512-YRc/KNRZeUVvth11UO4SDQZR2IqGgl9MSsbzqoHuFz4B4Q5QXH7onHogv9aXWE/BZBBbcrSBTlwBSG0Gg+J8hg==
  
  turbo-linux-arm64@1.8.5:
    version "1.8.5"
    resolved "https://registry.yarnpkg.com/turbo-linux-arm64/-/turbo-linux-arm64-1.8.5.tgz#96fa915f10e81a16eccf74e122e96fcba4e132e0"
    integrity sha512-8exVZb7XBl/V3gHSweuUyG2D9IzfWqwLvlXoeLWlVYSj61Ajgdv+WU7lvUmx+H2s+sSKqmIFmewA5Lw6YY37sg==
  
  turbo-windows-64@1.8.5:
    version "1.8.5"
    resolved "https://registry.yarnpkg.com/turbo-windows-64/-/turbo-windows-64-1.8.5.tgz#14ca1a577e982c34fd606fa6499eaf4fea0eca36"
    integrity sha512-fA8PU5ZNoFnQkapG06WiEqfsVQ5wbIPkIqTwUsd/M2Lp+KgxE79SQbuEI+2vQ9SmwM5qoMi515IPjgvXAJXgCw==
  
  turbo-windows-arm64@1.8.5:
    version "1.8.5"
    resolved "https://registry.yarnpkg.com/turbo-windows-arm64/-/turbo-windows-arm64-1.8.5.tgz#286c7aacd8c9e2a8a0f5ab767268aadc8f6c7955"
    integrity sha512-SW/NvIdhckLsAWjU/iqBbCB0S8kXupKscUK3kEW1DZIr3MYcP/yIuaE/IdPuqcoF3VP0I3TLD4VTYCCKAo3tKA==
  
  turbo@^1.8.5:
    version "1.8.5"
    resolved "https://registry.yarnpkg.com/turbo/-/turbo-1.8.5.tgz#933413257783ede75471b8ebf2435ebc7be50ad7"
    integrity sha512-UBnH2wIFb5g6OQCk8f34Ud15ZXV4xEMmugeDJTU5Ur2LpVRsNEny0isSCYdb3Iu3howoNyyXmtpaxWsAwNYkkg==
    optionalDependencies:
      turbo-darwin-64 "1.8.5"
      turbo-darwin-arm64 "1.8.5"
      turbo-linux-64 "1.8.5"
      turbo-linux-arm64 "1.8.5"
      turbo-windows-64 "1.8.5"
      turbo-windows-arm64 "1.8.5"
  
  vary@^1:
    version "1.1.2"
    resolved "https://registry.yarnpkg.com/vary/-/vary-1.1.2.tgz#2299f02c6ded30d4a5961b0b9f74524a18f634fc"
    integrity sha512-BNGbWLfd0eUPabhkXUVm0j8uuvREyTh5ovRa/dyow/BqAbZJyC+5fU+IzQOzmAKzYqYRAISoRhdQr3eIZ/PXqg==
